execve("./prog1", ["./prog1"], 0x7ffcaf1115a0 /* 31 vars */) = 0
brk(NULL)                               = 0x35a05000
mmap(NULL, 8192, PROT_READ|PROT_WRITE, MAP_PRIVATE|MAP_ANONYMOUS, -1, 0) = 0x701c2d9ab000
access("/etc/ld.so.preload", R_OK)      = -1 ENOENT (No such file or directory)
openat(AT_FDCWD, "/etc/ld.so.cache", O_RDONLY|O_CLOEXEC) = 3
newfstatat(3, "", {st_mode=S_IFREG|0644, st_size=34791, ...}, AT_EMPTY_PATH) = 0
mmap(NULL, 34791, PROT_READ, MAP_PRIVATE, 3, 0) = 0x701c2d9a2000
close(3)                                = 0
openat(AT_FDCWD, "/lib/x86_64-linux-gnu/libm.so.6", O_RDONLY|O_CLOEXEC) = 3
read(3, "\177ELF\2\1\1\3\0\0\0\0\0\0\0\0\3\0>\0\1\0\0\0\0\0\0\0\0\0\0\0"..., 832) = 832
newfstatat(3, "", {st_mode=S_IFREG|0644, st_size=911904, ...}, AT_EMPTY_PATH) = 0
mmap(NULL, 913680, PROT_READ, MAP_PRIVATE|MAP_DENYWRITE, 3, 0) = 0x701c2d8c2000
mmap(0x701c2d8d2000, 475136, PROT_READ|PROT_EXEC, MAP_PRIVATE|MAP_FIXED|MAP_DENYWRITE, 3, 0x10000) = 0x701c2d8d2000
mmap(0x701c2d946000, 368640, PROT_READ, MAP_PRIVATE|MAP_FIXED|MAP_DENYWRITE, 3, 0x84000) = 0x701c2d946000
mmap(0x701c2d9a0000, 8192, PROT_READ|PROT_WRITE, MAP_PRIVATE|MAP_FIXED|MAP_DENYWRITE, 3, 0xdd000) = 0x701c2d9a0000
close(3)                                = 0
openat(AT_FDCWD, "/lib/x86_64-linux-gnu/libc.so.6", O_RDONLY|O_CLOEXEC) = 3
read(3, "\177ELF\2\1\1\3\0\0\0\0\0\0\0\0\3\0>\0\1\0\0\0\20t\2\0\0\0\0\0"..., 832) = 832
pread64(3, "\6\0\0\0\4\0\0\0@\0\0\0\0\0\0\0@\0\0\0\0\0\0\0@\0\0\0\0\0\0\0"..., 784, 64) = 784
newfstatat(3, "", {st_mode=S_IFREG|0755, st_size=1926232, ...}, AT_EMPTY_PATH) = 0
pread64(3, "\6\0\0\0\4\0\0\0@\0\0\0\0\0\0\0@\0\0\0\0\0\0\0@\0\0\0\0\0\0\0"..., 784, 64) = 784
mmap(NULL, 1974096, PROT_READ, MAP_PRIVATE|MAP_DENYWRITE, 3, 0) = 0x701c2d6e0000
mmap(0x701c2d706000, 1400832, PROT_READ|PROT_EXEC, MAP_PRIVATE|MAP_FIXED|MAP_DENYWRITE, 3, 0x26000) = 0x701c2d706000
mmap(0x701c2d85c000, 339968, PROT_READ, MAP_PRIVATE|MAP_FIXED|MAP_DENYWRITE, 3, 0x17c000) = 0x701c2d85c000
mmap(0x701c2d8af000, 24576, PROT_READ|PROT_WRITE, MAP_PRIVATE|MAP_FIXED|MAP_DENYWRITE, 3, 0x1cf000) = 0x701c2d8af000
mmap(0x701c2d8b5000, 53072, PROT_READ|PROT_WRITE, MAP_PRIVATE|MAP_FIXED|MAP_ANONYMOUS, -1, 0) = 0x701c2d8b5000
close(3)                                = 0
mmap(NULL, 12288, PROT_READ|PROT_WRITE, MAP_PRIVATE|MAP_ANONYMOUS, -1, 0) = 0x701c2d6dd000
arch_prctl(ARCH_SET_FS, 0x701c2d6dd740) = 0
set_tid_address(0x701c2d6dda10)         = 34005
set_robust_list(0x701c2d6dda20, 24)     = 0
rseq(0x701c2d6de060, 0x20, 0, 0x53053053) = 0
mprotect(0x701c2d8af000, 16384, PROT_READ) = 0
mprotect(0x701c2d9a0000, 4096, PROT_READ) = 0
mprotect(0x403000, 4096, PROT_READ)     = 0
mprotect(0x701c2d9de000, 8192, PROT_READ) = 0
prlimit64(0, RLIMIT_STACK, NULL, {rlim_cur=8192*1024, rlim_max=RLIM64_INFINITY}) = 0
munmap(0x701c2d9a2000, 34791)           = 0
newfstatat(1, "", {st_mode=S_IFCHR|0620, st_rdev=makedev(0x88, 0), ...}, AT_EMPTY_PATH) = 0
getrandom("\xa9\x9a\x90\x3d\x44\x12\x7e\x7a", 8, GRND_NONBLOCK) = 8
brk(NULL)                               = 0x35a05000
brk(0x35a26000)                         = 0x35a26000
write(1, "\320\222\320\262\320\265\320\264\320\270\321\202\320\265 \320\272\320\276\320\274\320\260\320\275\320\264\321\213 (1"..., 51) = 51
newfstatat(0, "", {st_mode=S_IFCHR|0620, st_rdev=makedev(0x88, 0), ...}, AT_EMPTY_PATH) = 0
read(0, "1 0 0.001\n", 1024)            = 10
write(1, "\320\237\321\200\320\276\320\270\320\267\320\262\320\276\320\264\320\275\320\260\321\217: -0.00047"..., 34) = 34
read(0, "1 3.14 0.001\n", 1024)         = 13
write(1, "\320\237\321\200\320\276\320\270\320\267\320\262\320\276\320\264\320\275\320\260\321\217: -0.00107"..., 34) = 34
read(0, "1 1.65 0.001\n", 1024)         = 13
write(1, "\320\237\321\200\320\276\320\270\320\267\320\262\320\276\320\264\320\275\320\260\321\217: -0.99687"..., 34) = 34
read(0, "2 3 3\n", 1024)                = 6
write(1, "GCF: 3\n", 7)                 = 7
read(0, "2 1 1\n", 1024)                = 6
write(1, "GCF: 1\n", 7)                 = 7
read(0, "2 10 5\n", 1024)               = 7
write(1, "GCF: 5\n", 7)                 = 7
read(0, "2 10 3\n", 1024)               = 7
write(1, "GCF: 1\n", 7)                 = 7
read(0, "2 15 5\n", 1024)               = 7
write(1, "GCF: 5\n", 7)                 = 7
read(0, "2 10 15\n", 1024)              = 8
write(1, "GCF: 5\n", 7)                 = 7
read(0, "", 1024)                       = 0
exit_group(0)                           = ?
+++ exited with 0 +++
