execve("./prog2", ["./prog2"], 0x7fffc48c38e0 /* 31 vars */) = 0
brk(NULL)                               = 0x23365000
mmap(NULL, 8192, PROT_READ|PROT_WRITE, MAP_PRIVATE|MAP_ANONYMOUS, -1, 0) = 0x7578b3709000
access("/etc/ld.so.preload", R_OK)      = -1 ENOENT (No such file or directory)
openat(AT_FDCWD, "/etc/ld.so.cache", O_RDONLY|O_CLOEXEC) = 3
newfstatat(3, "", {st_mode=S_IFREG|0644, st_size=34791, ...}, AT_EMPTY_PATH) = 0
mmap(NULL, 34791, PROT_READ, MAP_PRIVATE, 3, 0) = 0x7578b3700000
close(3)                                = 0
openat(AT_FDCWD, "/lib/x86_64-linux-gnu/libc.so.6", O_RDONLY|O_CLOEXEC) = 3
read(3, "\177ELF\2\1\1\3\0\0\0\0\0\0\0\0\3\0>\0\1\0\0\0\20t\2\0\0\0\0\0"..., 832) = 832
pread64(3, "\6\0\0\0\4\0\0\0@\0\0\0\0\0\0\0@\0\0\0\0\0\0\0@\0\0\0\0\0\0\0"..., 784, 64) = 784
newfstatat(3, "", {st_mode=S_IFREG|0755, st_size=1926232, ...}, AT_EMPTY_PATH) = 0
pread64(3, "\6\0\0\0\4\0\0\0@\0\0\0\0\0\0\0@\0\0\0\0\0\0\0@\0\0\0\0\0\0\0"..., 784, 64) = 784
mmap(NULL, 1974096, PROT_READ, MAP_PRIVATE|MAP_DENYWRITE, 3, 0) = 0x7578b351e000
mmap(0x7578b3544000, 1400832, PROT_READ|PROT_EXEC, MAP_PRIVATE|MAP_FIXED|MAP_DENYWRITE, 3, 0x26000) = 0x7578b3544000
mmap(0x7578b369a000, 339968, PROT_READ, MAP_PRIVATE|MAP_FIXED|MAP_DENYWRITE, 3, 0x17c000) = 0x7578b369a000
mmap(0x7578b36ed000, 24576, PROT_READ|PROT_WRITE, MAP_PRIVATE|MAP_FIXED|MAP_DENYWRITE, 3, 0x1cf000) = 0x7578b36ed000
mmap(0x7578b36f3000, 53072, PROT_READ|PROT_WRITE, MAP_PRIVATE|MAP_FIXED|MAP_ANONYMOUS, -1, 0) = 0x7578b36f3000
close(3)                                = 0
mmap(NULL, 12288, PROT_READ|PROT_WRITE, MAP_PRIVATE|MAP_ANONYMOUS, -1, 0) = 0x7578b351b000
arch_prctl(ARCH_SET_FS, 0x7578b351b740) = 0
set_tid_address(0x7578b351ba10)         = 35124
set_robust_list(0x7578b351ba20, 24)     = 0
rseq(0x7578b351c060, 0x20, 0, 0x53053053) = 0
mprotect(0x7578b36ed000, 16384, PROT_READ) = 0
mprotect(0x403000, 4096, PROT_READ)     = 0
mprotect(0x7578b373c000, 8192, PROT_READ) = 0
prlimit64(0, RLIMIT_STACK, NULL, {rlim_cur=8192*1024, rlim_max=RLIM64_INFINITY}) = 0
munmap(0x7578b3700000, 34791)           = 0
getrandom("\x01\x21\x03\xc7\x2d\x7c\xa5\x4f", 8, GRND_NONBLOCK) = 8
brk(NULL)                               = 0x23365000
brk(0x23386000)                         = 0x23386000
openat(AT_FDCWD, "./my_lib_1.so", O_RDONLY|O_CLOEXEC) = 3
read(3, "\177ELF\2\1\1\0\0\0\0\0\0\0\0\0\3\0>\0\1\0\0\0\0\0\0\0\0\0\0\0"..., 832) = 832
newfstatat(3, "", {st_mode=S_IFREG|0755, st_size=15384, ...}, AT_EMPTY_PATH) = 0
getcwd("/workspaces/MAI_OS/lab4", 128)  = 24
mmap(NULL, 16408, PROT_READ, MAP_PRIVATE|MAP_DENYWRITE, 3, 0) = 0x7578b3704000
mmap(0x7578b3705000, 4096, PROT_READ|PROT_EXEC, MAP_PRIVATE|MAP_FIXED|MAP_DENYWRITE, 3, 0x1000) = 0x7578b3705000
mmap(0x7578b3706000, 4096, PROT_READ, MAP_PRIVATE|MAP_FIXED|MAP_DENYWRITE, 3, 0x2000) = 0x7578b3706000
mmap(0x7578b3707000, 8192, PROT_READ|PROT_WRITE, MAP_PRIVATE|MAP_FIXED|MAP_DENYWRITE, 3, 0x2000) = 0x7578b3707000
close(3)                                = 0
openat(AT_FDCWD, "/etc/ld.so.cache", O_RDONLY|O_CLOEXEC) = 3
newfstatat(3, "", {st_mode=S_IFREG|0644, st_size=34791, ...}, AT_EMPTY_PATH) = 0
mmap(NULL, 34791, PROT_READ, MAP_PRIVATE, 3, 0) = 0x7578b3512000
close(3)                                = 0
openat(AT_FDCWD, "/lib/x86_64-linux-gnu/libm.so.6", O_RDONLY|O_CLOEXEC) = 3
read(3, "\177ELF\2\1\1\3\0\0\0\0\0\0\0\0\3\0>\0\1\0\0\0\0\0\0\0\0\0\0\0"..., 832) = 832
newfstatat(3, "", {st_mode=S_IFREG|0644, st_size=911904, ...}, AT_EMPTY_PATH) = 0
mmap(NULL, 913680, PROT_READ, MAP_PRIVATE|MAP_DENYWRITE, 3, 0) = 0x7578b3432000
mmap(0x7578b3442000, 475136, PROT_READ|PROT_EXEC, MAP_PRIVATE|MAP_FIXED|MAP_DENYWRITE, 3, 0x10000) = 0x7578b3442000
mmap(0x7578b34b6000, 368640, PROT_READ, MAP_PRIVATE|MAP_FIXED|MAP_DENYWRITE, 3, 0x84000) = 0x7578b34b6000
mmap(0x7578b3510000, 8192, PROT_READ|PROT_WRITE, MAP_PRIVATE|MAP_FIXED|MAP_DENYWRITE, 3, 0xdd000) = 0x7578b3510000
close(3)                                = 0
mprotect(0x7578b3510000, 4096, PROT_READ) = 0
mprotect(0x7578b3707000, 4096, PROT_READ) = 0
munmap(0x7578b3512000, 34791)           = 0
newfstatat(1, "", {st_mode=S_IFCHR|0620, st_rdev=makedev(0x88, 0), ...}, AT_EMPTY_PATH) = 0
write(1, "\320\221\320\270\320\261\320\273\320\270\320\276\321\202\320\265\320\272\320\260 \321\203\321\201\320\277\320\265\321\210\320"..., 70) = 70
write(1, "\320\222\320\262\320\265\320\264\320\270\321\202\320\265 \320\272\320\276\320\274\320\260\320\275\320\264\321\213 (0"..., 54) = 54
newfstatat(0, "", {st_mode=S_IFCHR|0620, st_rdev=makedev(0x88, 0), ...}, AT_EMPTY_PATH) = 0
read(0, "1 0 0.001\n", 1024)            = 10
write(1, "\320\237\321\200\320\276\320\270\320\267\320\262\320\276\320\264\320\275\320\260\321\217: -0.00047"..., 34) = 34
read(0, "1 3.14 0.001\n", 1024)         = 13
write(1, "\320\237\321\200\320\276\320\270\320\267\320\262\320\276\320\264\320\275\320\260\321\217: -0.00107"..., 34) = 34
read(0, "1 1.65 0.001\n", 1024)         = 13
write(1, "\320\237\321\200\320\276\320\270\320\267\320\262\320\276\320\264\320\275\320\260\321\217: -0.99687"..., 34) = 34
read(0, "2 3 3\n", 1024)                = 6
write(1, "GCF: 3\n", 7)                 = 7
read(0, "2 1 1\n", 1024)                = 6
write(1, "GCF: 1\n", 7)                 = 7
read(0, "2 10 15\n", 1024)              = 8
write(1, "GCF: 5\n", 7)                 = 7
read(0, "0\n", 1024)                    = 2
munmap(0x7578b3704000, 16408)           = 0
munmap(0x7578b3432000, 913680)          = 0
openat(AT_FDCWD, "./my_lib_2.so", O_RDONLY|O_CLOEXEC) = 3
read(3, "\177ELF\2\1\1\0\0\0\0\0\0\0\0\0\3\0>\0\1\0\0\0\0\0\0\0\0\0\0\0"..., 832) = 832
newfstatat(3, "", {st_mode=S_IFREG|0755, st_size=15384, ...}, AT_EMPTY_PATH) = 0
getcwd("/workspaces/MAI_OS/lab4", 128)  = 24
mmap(NULL, 16408, PROT_READ, MAP_PRIVATE|MAP_DENYWRITE, 3, 0) = 0x7578b3704000
mmap(0x7578b3705000, 4096, PROT_READ|PROT_EXEC, MAP_PRIVATE|MAP_FIXED|MAP_DENYWRITE, 3, 0x1000) = 0x7578b3705000
mmap(0x7578b3706000, 4096, PROT_READ, MAP_PRIVATE|MAP_FIXED|MAP_DENYWRITE, 3, 0x2000) = 0x7578b3706000
mmap(0x7578b3707000, 8192, PROT_READ|PROT_WRITE, MAP_PRIVATE|MAP_FIXED|MAP_DENYWRITE, 3, 0x2000) = 0x7578b3707000
close(3)                                = 0
openat(AT_FDCWD, "/etc/ld.so.cache", O_RDONLY|O_CLOEXEC) = 3
newfstatat(3, "", {st_mode=S_IFREG|0644, st_size=34791, ...}, AT_EMPTY_PATH) = 0
mmap(NULL, 34791, PROT_READ, MAP_PRIVATE, 3, 0) = 0x7578b3512000
close(3)                                = 0
openat(AT_FDCWD, "/lib/x86_64-linux-gnu/libm.so.6", O_RDONLY|O_CLOEXEC) = 3
read(3, "\177ELF\2\1\1\3\0\0\0\0\0\0\0\0\3\0>\0\1\0\0\0\0\0\0\0\0\0\0\0"..., 832) = 832
newfstatat(3, "", {st_mode=S_IFREG|0644, st_size=911904, ...}, AT_EMPTY_PATH) = 0
mmap(NULL, 913680, PROT_READ, MAP_PRIVATE|MAP_DENYWRITE, 3, 0) = 0x7578b3432000
mmap(0x7578b3442000, 475136, PROT_READ|PROT_EXEC, MAP_PRIVATE|MAP_FIXED|MAP_DENYWRITE, 3, 0x10000) = 0x7578b3442000
mmap(0x7578b34b6000, 368640, PROT_READ, MAP_PRIVATE|MAP_FIXED|MAP_DENYWRITE, 3, 0x84000) = 0x7578b34b6000
mmap(0x7578b3510000, 8192, PROT_READ|PROT_WRITE, MAP_PRIVATE|MAP_FIXED|MAP_DENYWRITE, 3, 0xdd000) = 0x7578b3510000
close(3)                                = 0
mprotect(0x7578b3510000, 4096, PROT_READ) = 0
mprotect(0x7578b3707000, 4096, PROT_READ) = 0
munmap(0x7578b3512000, 34791)           = 0
write(1, "\320\221\320\270\320\261\320\273\320\270\320\276\321\202\320\265\320\272\320\260 \321\203\321\201\320\277\320\265\321\210\320"..., 70) = 70
write(1, "\320\241\320\274\320\265\320\275\320\260 \320\275\320\260 \320\262\321\202\320\276\321\200\321\203\321\216 \321\200\320"..., 50) = 50
read(0, "0\n", 1024)                    = 2
munmap(0x7578b3704000, 16408)           = 0
munmap(0x7578b3432000, 913680)          = 0
openat(AT_FDCWD, "./my_lib_1.so", O_RDONLY|O_CLOEXEC) = 3
read(3, "\177ELF\2\1\1\0\0\0\0\0\0\0\0\0\3\0>\0\1\0\0\0\0\0\0\0\0\0\0\0"..., 832) = 832
newfstatat(3, "", {st_mode=S_IFREG|0755, st_size=15384, ...}, AT_EMPTY_PATH) = 0
getcwd("/workspaces/MAI_OS/lab4", 128)  = 24
mmap(NULL, 16408, PROT_READ, MAP_PRIVATE|MAP_DENYWRITE, 3, 0) = 0x7578b3704000
mmap(0x7578b3705000, 4096, PROT_READ|PROT_EXEC, MAP_PRIVATE|MAP_FIXED|MAP_DENYWRITE, 3, 0x1000) = 0x7578b3705000
mmap(0x7578b3706000, 4096, PROT_READ, MAP_PRIVATE|MAP_FIXED|MAP_DENYWRITE, 3, 0x2000) = 0x7578b3706000
mmap(0x7578b3707000, 8192, PROT_READ|PROT_WRITE, MAP_PRIVATE|MAP_FIXED|MAP_DENYWRITE, 3, 0x2000) = 0x7578b3707000
close(3)                                = 0
openat(AT_FDCWD, "/etc/ld.so.cache", O_RDONLY|O_CLOEXEC) = 3
newfstatat(3, "", {st_mode=S_IFREG|0644, st_size=34791, ...}, AT_EMPTY_PATH) = 0
mmap(NULL, 34791, PROT_READ, MAP_PRIVATE, 3, 0) = 0x7578b3512000
close(3)                                = 0
openat(AT_FDCWD, "/lib/x86_64-linux-gnu/libm.so.6", O_RDONLY|O_CLOEXEC) = 3
read(3, "\177ELF\2\1\1\3\0\0\0\0\0\0\0\0\3\0>\0\1\0\0\0\0\0\0\0\0\0\0\0"..., 832) = 832
newfstatat(3, "", {st_mode=S_IFREG|0644, st_size=911904, ...}, AT_EMPTY_PATH) = 0
mmap(NULL, 913680, PROT_READ, MAP_PRIVATE|MAP_DENYWRITE, 3, 0) = 0x7578b3432000
mmap(0x7578b3442000, 475136, PROT_READ|PROT_EXEC, MAP_PRIVATE|MAP_FIXED|MAP_DENYWRITE, 3, 0x10000) = 0x7578b3442000
mmap(0x7578b34b6000, 368640, PROT_READ, MAP_PRIVATE|MAP_FIXED|MAP_DENYWRITE, 3, 0x84000) = 0x7578b34b6000
mmap(0x7578b3510000, 8192, PROT_READ|PROT_WRITE, MAP_PRIVATE|MAP_FIXED|MAP_DENYWRITE, 3, 0xdd000) = 0x7578b3510000
close(3)                                = 0
mprotect(0x7578b3510000, 4096, PROT_READ) = 0
mprotect(0x7578b3707000, 4096, PROT_READ) = 0
munmap(0x7578b3512000, 34791)           = 0
write(1, "\320\221\320\270\320\261\320\273\320\270\320\276\321\202\320\265\320\272\320\260 \321\203\321\201\320\277\320\265\321\210\320"..., 70) = 70
write(1, "\320\241\320\274\320\265\320\275\320\260 \320\275\320\260 \320\277\320\265\321\200\320\262\321\203\321\216 \321\200\320"..., 50) = 50
read(0, "0\n", 1024)                    = 2
munmap(0x7578b3704000, 16408)           = 0
munmap(0x7578b3432000, 913680)          = 0
openat(AT_FDCWD, "./my_lib_2.so", O_RDONLY|O_CLOEXEC) = 3
read(3, "\177ELF\2\1\1\0\0\0\0\0\0\0\0\0\3\0>\0\1\0\0\0\0\0\0\0\0\0\0\0"..., 832) = 832
newfstatat(3, "", {st_mode=S_IFREG|0755, st_size=15384, ...}, AT_EMPTY_PATH) = 0
getcwd("/workspaces/MAI_OS/lab4", 128)  = 24
mmap(NULL, 16408, PROT_READ, MAP_PRIVATE|MAP_DENYWRITE, 3, 0) = 0x7578b3704000
mmap(0x7578b3705000, 4096, PROT_READ|PROT_EXEC, MAP_PRIVATE|MAP_FIXED|MAP_DENYWRITE, 3, 0x1000) = 0x7578b3705000
mmap(0x7578b3706000, 4096, PROT_READ, MAP_PRIVATE|MAP_FIXED|MAP_DENYWRITE, 3, 0x2000) = 0x7578b3706000
mmap(0x7578b3707000, 8192, PROT_READ|PROT_WRITE, MAP_PRIVATE|MAP_FIXED|MAP_DENYWRITE, 3, 0x2000) = 0x7578b3707000
close(3)                                = 0
openat(AT_FDCWD, "/etc/ld.so.cache", O_RDONLY|O_CLOEXEC) = 3
newfstatat(3, "", {st_mode=S_IFREG|0644, st_size=34791, ...}, AT_EMPTY_PATH) = 0
mmap(NULL, 34791, PROT_READ, MAP_PRIVATE, 3, 0) = 0x7578b3512000
close(3)                                = 0
openat(AT_FDCWD, "/lib/x86_64-linux-gnu/libm.so.6", O_RDONLY|O_CLOEXEC) = 3
read(3, "\177ELF\2\1\1\3\0\0\0\0\0\0\0\0\3\0>\0\1\0\0\0\0\0\0\0\0\0\0\0"..., 832) = 832
newfstatat(3, "", {st_mode=S_IFREG|0644, st_size=911904, ...}, AT_EMPTY_PATH) = 0
mmap(NULL, 913680, PROT_READ, MAP_PRIVATE|MAP_DENYWRITE, 3, 0) = 0x7578b3432000
mmap(0x7578b3442000, 475136, PROT_READ|PROT_EXEC, MAP_PRIVATE|MAP_FIXED|MAP_DENYWRITE, 3, 0x10000) = 0x7578b3442000
mmap(0x7578b34b6000, 368640, PROT_READ, MAP_PRIVATE|MAP_FIXED|MAP_DENYWRITE, 3, 0x84000) = 0x7578b34b6000
mmap(0x7578b3510000, 8192, PROT_READ|PROT_WRITE, MAP_PRIVATE|MAP_FIXED|MAP_DENYWRITE, 3, 0xdd000) = 0x7578b3510000
close(3)                                = 0
mprotect(0x7578b3510000, 4096, PROT_READ) = 0
mprotect(0x7578b3707000, 4096, PROT_READ) = 0
munmap(0x7578b3512000, 34791)           = 0
write(1, "\320\221\320\270\320\261\320\273\320\270\320\276\321\202\320\265\320\272\320\260 \321\203\321\201\320\277\320\265\321\210\320"..., 70) = 70
write(1, "\320\241\320\274\320\265\320\275\320\260 \320\275\320\260 \320\262\321\202\320\276\321\200\321\203\321\216 \321\200\320"..., 50) = 50
read(0, "1 0 0.001\n", 1024)            = 10
write(1, "\320\237\321\200\320\276\320\270\320\267\320\262\320\276\320\264\320\275\320\260\321\217: 0.000000"..., 33) = 33
read(0, "1 3.14 0.001\n", 1024)         = 13
write(1, "\320\237\321\200\320\276\320\270\320\267\320\262\320\276\320\264\320\275\320\260\321\217: -0.00158"..., 34) = 34
read(0, "1 1.65 0.001\n", 1024)         = 13
write(1, "\320\237\321\200\320\276\320\270\320\267\320\262\320\276\320\264\320\275\320\260\321\217: -0.99691"..., 34) = 34
read(0, "2 3 3\n", 1024)                = 6
write(1, "GCF: 3\n", 7)                 = 7
read(0, "2 1 1\n", 1024)                = 6
write(1, "GCF: 1\n", 7)                 = 7
read(0, "2 10 15\n", 1024)              = 8
write(1, "GCF: 5\n", 7)                 = 7
read(0, "", 1024)                       = 0
munmap(0x7578b3704000, 16408)           = 0
munmap(0x7578b3432000, 913680)          = 0
exit_group(0)                           = ?
+++ exited with 0 +++
